<?xml version="1.0" encoding="UTF-8"?>
<!-- Generated by org.testng.reporters.JUnitReportReporter -->
<testsuite hostname="Mohamed-M" failures="0" tests="3" name="Selenium.homePage" time="25.959" errors="0" timestamp="27 Dec 2022 21:31:53 GMT" skipped="0">
  <testcase classname="Selenium.homePage" name="scenarioOne" time="5.025"/>
  <testcase classname="Selenium.homePage" name="scenarioThree" time="7.922"/>
  <testcase classname="Selenium.homePage" name="scenarioTawo" time="13.012"/>
</testsuite> <!-- Selenium.homePage -->
