<?xml version="1.0" encoding="UTF-8"?>
<!-- Generated by org.testng.reporters.JUnitReportReporter -->
<testsuite hostname="Mohamed-M" failures="0" tests="1" name="Selenium.validateTitle" time="20.517" errors="0" timestamp="18 Jul 2022 19:07:41 GMT" skipped="0">
  <testcase classname="Selenium.validateTitle" name="baseNavigationPage" time="20.517"/>
</testsuite> <!-- Selenium.validateTitle -->
