<?xml version="1.0" encoding="UTF-8"?>
<!-- Generated by org.testng.reporters.JUnitReportReporter -->
<testsuite hostname="Mohamed-M" failures="0" tests="2" name="Selenium.homePage" time="53.824" errors="0" timestamp="18 Jul 2022 19:07:41 GMT" skipped="0">
  <testcase classname="Selenium.homePage" name="baseNavigationPage" time="17.255"/>
  <testcase classname="Selenium.homePage" name="baseNavigationPage" time="36.569"/>
</testsuite> <!-- Selenium.homePage -->
